.\Debug\WZHViewer.ilk
.\Debug\WZHViewer.pdb
E:\VS2010\WZHViewer\WZHViewer\.\Debug\WZHViewer.exe
E:\VS2010\WZHVIEWER\WZHVIEWER\DEBUG\WZHVIEWER.EXE
E:\VS2010\WZHVIEWER\WZHVIEWER\DEBUG\WZHVIEWER.ILK
E:\VS2010\WZHVIEWER\WZHVIEWER\DEBUG\WZHVIEWER.PDB
E:\VS2010\WZHVIEWER\WZHVIEWER\RELEASE\WZHVIEWER.EXE
E:\VS2010\WZHVIEWER\WZHVIEWER\RES\BOUNDARY.OBJ
E:\VS2010\WZHVIEWER\WZHVIEWER\RES\CALCUBASE.OBJ
E:\VS2010\WZHViewer\WZHViewer\res\cl.command.1.tlog
E:\VS2010\WZHViewer\WZHViewer\res\CL.read.1.tlog
E:\VS2010\WZHViewer\WZHViewer\res\CL.write.1.tlog
E:\VS2010\WZHVIEWER\WZHVIEWER\RES\CUTTERPATH.OBJ
E:\VS2010\WZHVIEWER\WZHVIEWER\RES\DOINPUT.OBJ
E:\VS2010\WZHVIEWER\WZHVIEWER\RES\DOINPUT2.OBJ
E:\VS2010\WZHVIEWER\WZHVIEWER\RES\GCAMERA.OBJ
E:\VS2010\WZHVIEWER\WZHVIEWER\RES\GLVIEW.OBJ
E:\VS2010\WZHVIEWER\WZHVIEWER\RES\KDTREE.OBJ
E:\VS2010\WZHVIEWER\WZHVIEWER\RES\LAPLACIAN.OBJ
E:\VS2010\WZHViewer\WZHViewer\res\link.1540.read.1.tlog
E:\VS2010\WZHViewer\WZHViewer\res\link.1540.write.1.tlog
E:\VS2010\WZHViewer\WZHViewer\res\link.1540-cvtres.read.1.tlog
E:\VS2010\WZHViewer\WZHViewer\res\link.1540-cvtres.write.1.tlog
E:\VS2010\WZHViewer\WZHViewer\res\link.4496.read.1.tlog
E:\VS2010\WZHViewer\WZHViewer\res\link.4496.write.1.tlog
E:\VS2010\WZHViewer\WZHViewer\res\link.4496-cvtres.read.1.tlog
E:\VS2010\WZHViewer\WZHViewer\res\link.4496-cvtres.write.1.tlog
E:\VS2010\WZHViewer\WZHViewer\res\link.8696.read.1.tlog
E:\VS2010\WZHViewer\WZHViewer\res\link.8696.write.1.tlog
E:\VS2010\WZHViewer\WZHViewer\res\link.8696-cvtres.read.1.tlog
E:\VS2010\WZHViewer\WZHViewer\res\link.8696-cvtres.write.1.tlog
E:\VS2010\WZHViewer\WZHViewer\res\link.command.1.tlog
E:\VS2010\WZHViewer\WZHViewer\res\link.read.1.tlog
E:\VS2010\WZHViewer\WZHViewer\res\link.write.1.tlog
E:\VS2010\WZHViewer\WZHViewer\res\link-cvtres.read.1.tlog
E:\VS2010\WZHViewer\WZHViewer\res\link-cvtres.write.1.tlog
E:\VS2010\WZHVIEWER\WZHVIEWER\RES\MAINFRM.OBJ
E:\VS2010\WZHViewer\WZHViewer\res\mt.command.1.tlog
E:\VS2010\WZHViewer\WZHViewer\res\mt.read.1.tlog
E:\VS2010\WZHViewer\WZHViewer\res\mt.write.1.tlog
E:\VS2010\WZHVIEWER\WZHVIEWER\RES\OBB.OBJ
E:\VS2010\WZHVIEWER\WZHVIEWER\RES\OCTREE.OBJ
E:\VS2010\WZHVIEWER\WZHVIEWER\RES\OPENGLDC.OBJ
E:\VS2010\WZHViewer\WZHViewer\res\rc.command.1.tlog
E:\VS2010\WZHViewer\WZHViewer\res\rc.read.1.tlog
E:\VS2010\WZHViewer\WZHViewer\res\rc.write.1.tlog
E:\VS2010\WZHVIEWER\WZHVIEWER\RES\SDF.OBJ
E:\VS2010\WZHVIEWER\WZHVIEWER\RES\STDAFX.OBJ
E:\VS2010\WZHVIEWER\WZHVIEWER\RES\STLMODEL.OBJ
E:\VS2010\WZHVIEWER\WZHVIEWER\RES\TXT.OBJ
E:\VS2010\WZHViewer\WZHViewer\res\vc100.idb
E:\VS2010\WZHVIEWER\WZHVIEWER\RES\VC100.PDB
E:\VS2010\WZHVIEWER\WZHVIEWER\RES\WZHVIEWER.EXE.EMBED.MANIFEST
E:\VS2010\WZHVIEWER\WZHVIEWER\RES\WZHVIEWER.EXE.EMBED.MANIFEST.RES
E:\VS2010\WZHVIEWER\WZHVIEWER\RES\WZHVIEWER.EXE.INTERMEDIATE.MANIFEST
E:\VS2010\WZHVIEWER\WZHVIEWER\RES\WZHVIEWER.OBJ
E:\VS2010\WZHVIEWER\WZHVIEWER\RES\WZHVIEWER.PCH
E:\VS2010\WZHVIEWER\WZHVIEWER\RES\WZHVIEWER.RES
E:\VS2010\WZHViewer\WZHViewer\res\WZHViewer.vcxprojResolveAssemblyReference.cache
E:\VS2010\WZHViewer\WZHViewer\res\WZHViewer.write.1.tlog
E:\VS2010\WZHViewer\WZHViewer\res\WZHViewer_manifest.rc
E:\VS2010\WZHVIEWER\WZHVIEWER\RES\WZHVIEWERDOC.OBJ
E:\VS2010\WZHVIEWER\WZHVIEWER\RES\WZHVIEWERVIEW.OBJ
